<?xml version="1.0" encoding="UTF-8"?>
<!-- Generated by org.testng.reporters.JUnitReportReporter -->
<testsuite hostname="Vivekanand" failures="0" tests="3" name="com.test.Testng1" time="0.008" errors="0" timestamp="2022-12-23T17:24:59 IST" skipped="0">
  <testcase classname="com.test.Testng1" name="googlelogotest" time="0.001"/>
  <system-out/>
  <testcase classname="com.test.Testng1" name="searchTest" time="0.003"/>
  <system-out/>
  <testcase classname="com.test.Testng1" name="googleTitleTest" time="0.004"/>
  <system-out/>
</testsuite> <!-- com.test.Testng1 -->
