<?xml version="1.0" encoding="UTF-8"?>
<!-- Generated by org.testng.reporters.JUnitReportReporter -->
<testsuite hostname="Vivekanand" failures="0" tests="4" name="com.test.TestNgFeatures" time="0.012" errors="0" timestamp="2022-12-23T17:24:59 IST" skipped="0">
  <testcase classname="com.test.TestNgFeatures" name="loginTest" time="0.002"/>
  <system-out/>
  <testcase classname="com.test.TestNgFeatures" name="RegPagetest" time="0.004"/>
  <system-out/>
  <testcase classname="com.test.TestNgFeatures" name="SearchPageTest" time="0.002"/>
  <system-out/>
  <testcase classname="com.test.TestNgFeatures" name="HomePageTest" time="0.004"/>
  <system-out/>
</testsuite> <!-- com.test.TestNgFeatures -->
