<?xml version="1.0" encoding="UTF-8"?>
<!-- Generated by org.testng.reporters.JUnitReportReporter -->
<testsuite hostname="Vivekanand" failures="0" tests="1" name="com.Parameters.ParameterTest" time="4.149" errors="0" timestamp="2022-12-23T17:41:35 IST" skipped="0">
  <testcase classname="com.Parameters.ParameterTest" name="yahooLoginTest" time="4.149"/>
  <system-out/>
</testsuite> <!-- com.Parameters.ParameterTest -->
